<?xml version="1.0" encoding="UTF-8"?>
<testng-results ignored="6" total="7" passed="1" failed="0" skipped="0">
  <reporter-output>
  </reporter-output>
  <suite started-at="2023-06-18T16:25:34 IST" name="Default suite" finished-at="2023-06-18T16:25:37 IST" duration-ms="2943">
    <groups>
    </groups>
    <test started-at="2023-06-18T16:25:34 IST" name="Default test" finished-at="2023-06-18T16:25:37 IST" duration-ms="2943">
      <class name="com.rest.TestRest">
        <test-method signature="test1()[pri:0, instance:com.rest.TestRest@593aaf41]" started-at="2023-06-18T16:25:34 IST" name="test1" finished-at="2023-06-18T16:25:37 IST" duration-ms="2889" status="PASS">
          <reporter-output>
          </reporter-output>
        </test-method> <!-- test1 -->
      </class> <!-- com.rest.TestRest -->
    </test> <!-- Default test -->
  </suite> <!-- Default suite -->
</testng-results>
