<?xml version="1.0" encoding="UTF-8"?>
<!-- Generated by org.testng.reporters.JUnitXMLReporter -->
<testsuite ignored="6" hostname="MDC5-L-1366NRB" failures="0" tests="1" name="Default test" time="2.943" errors="0" timestamp="2023-06-18T16:25:37 IST">
  <testcase classname="com.rest.TestRest" name="test1" time="2.889"/>
  <testcase classname="com.rest.TestRest" name="test2" time="0.0">
    <ignored/>
  </testcase> <!-- test2 -->
  <testcase classname="com.rest.TestRest" name="test" time="0.0">
    <ignored/>
  </testcase> <!-- test -->
  <testcase classname="com.rest.TestRest" name="test6" time="0.0">
    <ignored/>
  </testcase> <!-- test6 -->
  <testcase classname="com.rest.TestRest" name="test4" time="0.0">
    <ignored/>
  </testcase> <!-- test4 -->
  <testcase classname="com.rest.TestRest" name="test3" time="0.0">
    <ignored/>
  </testcase> <!-- test3 -->
  <testcase classname="com.rest.TestRest" name="test5" time="0.0">
    <ignored/>
  </testcase> <!-- test5 -->
</testsuite> <!-- Default test -->
